 
*** VICE Version 3.4, rev 37677 ***
 
Welcome to x64, the free portable C64 Emulator.
 
Current VICE team members:
Martin Pottendorfer, Marco van den Heuvel, Fabrizio Gennari, Groepaz, 
Errol Smith, Ingo Korb, Olaf Seibert, Marcus Sutton, Kajtar Zsolt, AreaScout, 
Bas Wassink, Michael C. Martin, Christopher Phillips, David Hogan.
 
This is free software with ABSOLUTELY NO WARRANTY.
See the "About VICE" command for more info.
 
Loading system file `/opt/retropie/emulators/vice/share/vice/C64/kernal'.
Loading system file `/opt/retropie/emulators/vice/share/vice/C64/basic'.
Loading system file `/opt/retropie/emulators/vice/share/vice/C64/chargen'.
Loading system file `/opt/retropie/emulators/vice/share/vice/PRINTER/mps803'.
Palette: Loading palette `/opt/retropie/emulators/vice/share/vice/PRINTER/mps803.vpl'.
Loading system file `/opt/retropie/emulators/vice/share/vice/PRINTER/nl10-cbm'.
Palette: Loading palette `/opt/retropie/emulators/vice/share/vice/PRINTER/nl10.vpl'.
NL10: Printer driver initialized.
Palette: Loading palette `/opt/retropie/emulators/vice/share/vice/PRINTER/1520.vpl'.
Loading system file `/opt/retropie/emulators/vice/share/vice/DRIVES/dos1540'.
Loading system file `/opt/retropie/emulators/vice/share/vice/DRIVES/dos1541'.
Loading system file `/opt/retropie/emulators/vice/share/vice/DRIVES/d1541II'.
Loading system file `/opt/retropie/emulators/vice/share/vice/DRIVES/dos1570'.
Loading system file `/opt/retropie/emulators/vice/share/vice/DRIVES/dos1571'.
Loading system file `/opt/retropie/emulators/vice/share/vice/DRIVES/dos1581'.
DriveROM: Error - 2000 ROM image not found. Hardware-level 2000 emulation is not available.
DriveROM: Error - 4000 ROM image not found. Hardware-level 4000 emulation is not available.
Loading system file `/opt/retropie/emulators/vice/share/vice/DRIVES/dos2031'.
Loading system file `/opt/retropie/emulators/vice/share/vice/DRIVES/dos2040'.
Loading system file `/opt/retropie/emulators/vice/share/vice/DRIVES/dos3040'.
Loading system file `/opt/retropie/emulators/vice/share/vice/DRIVES/dos4040'.
Loading system file `/opt/retropie/emulators/vice/share/vice/DRIVES/dos1001'.
Drive: Finished loading ROM images.
Sound: Available sound devices: alsa sdl dummy fs dump wav voc iff aiff flac ogg soundmovie
SDLJoystick: 1 joysticks found
SDLJoystick: Device 0 "Microsoft X-Box 360 pad" (4 axes, 13 buttons, 1 hats, 0 balls)
SDLJoystick: Warning - Failed to open `/home/pi/.config/vice/sdl-joymap-C64.vjm'.
SDLKeyboard: Loading hotkey map `/opt/retropie/emulators/vice/share/vice/C64/sdl_hotkeys.vkm'.
SDLKeyboard: Warning - Failed to open `/home/pi/.config/vice/sdl-hotkey-C64.vkm'.
Keyboard: Loading keymap `/opt/retropie/emulators/vice/share/vice/C64/sdl_sym.vkm'.
SDLVideo: Available Renderers: opengl opengles2 opengles software 
SDLVideo: SDL2 renderer driver selected: opengles2

SDLVideo: VICII (active) 384x272 32bpp 
AUTOSTART: Autodetecting image type of `/home/pi/RetroPie/roms/c64/10th Frame.vsf'.
Filesystem Image Probe: Error - Import GCR: Unknown GCR image version 112.
Filesystem Image: Unknown disk image `/home/pi/RetroPie/roms/c64/10th Frame.vsf'.
Tape: Error - Cannot open file `/home/pi/RetroPie/roms/c64/10th Frame.vsf'
AUTOSTART: Loading snapshot file `/home/pi/RetroPie/roms/c64/10th Frame.vsf'.
AUTOSTART: Resetting the machine to autostart '/home/pi/RetroPie/roms/c64/10th Frame.vsf'
Drive 8: RESET.
Sound: Opened device `alsa', speed 44100Hz, fragment size 11.6ms, buffer size 104ms
AUTOSTART: `/home/pi/RetroPie/roms/c64/10th Frame.vsf' recognized as snapshot image.
Main CPU: starting at ($FFFC).
Main CPU: RESET.
Drive 8: RESET.
AUTOSTART: Done.
AUTOSTART: Restoring snapshot.
Sound: Closing device `alsa'
Sound: Opened device `alsa', speed 44100Hz, fragment size 11.6ms, buffer size 104ms
reSID: MOS8580, filter on, sampling rate 44100Hz - resampling, pass to 19845Hz
Main CPU: RESET.
AUTOSTART: Turned off.
Drive 8: Skipping cycles.
Sound: Warning - Buffer drained
Sound: Warning - Buffer drained
Sound: Warning - Buffer full during suspend
Sound: Warning - Buffer full during suspend
Sound: Warning - Buffer drained
AUTOSTART: Autodetecting image type of `/home/pi/RetroPie/roms/c64/'.
Filesystem Image Probe: Error - Cannot read image header.
Filesystem Image Probe: Error - Cannot read image header.
Filesystem Image: Unknown disk image `/home/pi/RetroPie/roms/c64/'.
Tape: Error - Cannot open file `/home/pi/RetroPie/roms/c64/'
Error - could not read CRT header.
CART: '/home/pi/RetroPie/roms/c64/' is not a valid CRT file.
AUTOSTART: Loading PRG file `/home/pi/RetroPie/roms/c64/' with autostart disk image.
AUTOSTART: Error - Cannot read start address from '/home/pi/RetroPie/roms/c64/'
AUTOSTART: Error - `/home/pi/RetroPie/roms/c64/' is not a valid file.
AUTOSTART: Error
Sound: Warning - Buffer drained
Sound: Warning - Buffer full during suspend
Sound: Warning - Buffer full during suspend
Sound: Warning - Buffer drained

Exiting...
Sound: Closing device `alsa'
