2020-10-04 00:23:01.877 T:1900405680  NOTICE: -----------------------------------------------------------------------
2020-10-04 00:23:01.877 T:1900405680  NOTICE: Starting Kodi (18.7 Git:20200612-e2aefdbee4). Platform: Linux ARM 32-bit
2020-10-04 00:23:01.877 T:1900405680  NOTICE: Using Release Kodi x32 build (version for Raspberry Pi)
2020-10-04 00:23:01.877 T:1900405680  NOTICE: Kodi compiled 2020-06-12 by GCC 8.3.0 for Linux ARM 32-bit version 4.18.20 (266772)
2020-10-04 00:23:01.877 T:1900405680  NOTICE: Running on Raspbian GNU/Linux 10 (buster), kernel: Linux ARM 32-bit version 5.4.68-v7+
2020-10-04 00:23:01.892 T:1900405680  NOTICE: FFmpeg version/source: 4.0.4-Kodi
2020-10-04 00:23:01.892 T:1900405680  NOTICE: Host CPU: ARMv7 Processor rev 4 (v7l), 4 cores available
2020-10-04 00:23:01.892 T:1900405680  NOTICE: ARM Features: Neon enabled
2020-10-04 00:23:01.892 T:1900405680  NOTICE: special://xbmc/ is mapped to: /usr/share/kodi
2020-10-04 00:23:01.892 T:1900405680  NOTICE: special://xbmcbin/ is mapped to: /usr/lib/arm-linux-gnueabihf/kodi
2020-10-04 00:23:01.892 T:1900405680  NOTICE: special://xbmcbinaddons/ is mapped to: /usr/lib/arm-linux-gnueabihf/kodi/addons
2020-10-04 00:23:01.892 T:1900405680  NOTICE: special://masterprofile/ is mapped to: /home/pi/.kodi/userdata
2020-10-04 00:23:01.892 T:1900405680  NOTICE: special://envhome/ is mapped to: /home/pi
2020-10-04 00:23:01.892 T:1900405680  NOTICE: special://home/ is mapped to: /home/pi/.kodi
2020-10-04 00:23:01.892 T:1900405680  NOTICE: special://temp/ is mapped to: /home/pi/.kodi/temp
2020-10-04 00:23:01.892 T:1900405680  NOTICE: special://logpath/ is mapped to: /home/pi/.kodi/temp
2020-10-04 00:23:01.892 T:1900405680  NOTICE: The executable running is: /usr/lib/arm-linux-gnueabihf/kodi/kodi.bin_v7
2020-10-04 00:23:01.893 T:1900405680  NOTICE: Local hostname: retropie
2020-10-04 00:23:01.893 T:1900405680  NOTICE: Log File is located: /home/pi/.kodi/temp/kodi.log
2020-10-04 00:23:01.893 T:1900405680  NOTICE: -----------------------------------------------------------------------
2020-10-04 00:23:01.912 T:1900405680    INFO: loading settings
2020-10-04 00:23:01.916 T:1900405680  NOTICE: special://profile/ is mapped to: special://masterprofile/
2020-10-04 00:23:01.957 T:1900405680   DEBUG: CSkinSettings: no <skinsettings> tag found
2020-10-04 00:23:01.965 T:1900405680  NOTICE: Loaded settings file from special://xbmc/system/advancedsettings.xml
2020-10-04 00:23:01.966 T:1900405680  NOTICE: Contents of special://xbmc/system/advancedsettings.xml are...
                                            <?xml version="1.0" encoding="UTF-8" ?>
                                            <advancedsettings>
                                              <fanartres>720</fanartres>
                                              <imageres>540</imageres>
                                              <video>
                                                <busydialogdelayms>750</busydialogdelayms>
                                              </video>
                                              <samba>
                                                <clienttimeout>30</clienttimeout>
                                              </samba>
                                              <cache>
                                                <memorysize>31457280</memorysize>
                                              </cache>
                                            </advancedsettings>
2020-10-04 00:23:01.966 T:1900405680 WARNING: CSettingsManager: missing version attribute
2020-10-04 00:23:01.968 T:1900405680  NOTICE: No settings file to load (special://masterprofile/advancedsettings.xml)
2020-10-04 00:23:01.968 T:1900405680  NOTICE: Default Video Player: VideoPlayer
2020-10-04 00:23:01.968 T:1900405680  NOTICE: Default Audio Player: paplayer
2020-10-04 00:23:01.968 T:1900405680  NOTICE: Disabled debug logging due to GUI setting. Level 0.
2020-10-04 00:23:01.968 T:1900405680  NOTICE: Log level changed to "LOG_LEVEL_NORMAL"
2020-10-04 00:23:01.968 T:1900405680  NOTICE: CMediaSourceSettings: loading media sources from special://masterprofile/sources.xml
2020-10-04 01:23:02.364 T:1900405680  NOTICE: Running database version Addons27
2020-10-04 01:23:02.619 T:1900405680  NOTICE: ADDON: audioencoder.kodi.builtin.aac v1.0.0 installed
2020-10-04 01:23:02.619 T:1900405680  NOTICE: ADDON: audioencoder.kodi.builtin.wma v1.0.0 installed
2020-10-04 01:23:02.619 T:1900405680  NOTICE: ADDON: game.controller.default v1.0.8 installed
2020-10-04 01:23:02.619 T:1900405680  NOTICE: ADDON: game.controller.snes v1.0.8 installed
2020-10-04 01:23:02.619 T:1900405680  NOTICE: ADDON: inputstream.adaptive v2.4.4 installed
2020-10-04 01:23:02.619 T:1900405680  NOTICE: ADDON: inputstream.rtmp v2.0.6 installed
2020-10-04 01:23:02.619 T:1900405680  NOTICE: ADDON: kodi.binary.global.audioengine v1.0.1 installed
2020-10-04 01:23:02.619 T:1900405680  NOTICE: ADDON: kodi.binary.global.filesystem v1.0.2 installed
2020-10-04 01:23:02.619 T:1900405680  NOTICE: ADDON: kodi.binary.global.general v1.0.3 installed
2020-10-04 01:23:02.619 T:1900405680  NOTICE: ADDON: kodi.binary.global.gui v5.12.0 installed
2020-10-04 01:23:02.620 T:1900405680  NOTICE: ADDON: kodi.binary.global.main v1.0.14 installed
2020-10-04 01:23:02.620 T:1900405680  NOTICE: ADDON: kodi.binary.global.network v1.0.0 installed
2020-10-04 01:23:02.620 T:1900405680  NOTICE: ADDON: kodi.binary.instance.audiodecoder v2.0.0 installed
2020-10-04 01:23:02.620 T:1900405680  NOTICE: ADDON: kodi.binary.instance.audioencoder v2.0.0 installed
2020-10-04 01:23:02.620 T:1900405680  NOTICE: ADDON: kodi.binary.instance.game v1.1.0 installed
2020-10-04 01:23:02.620 T:1900405680  NOTICE: ADDON: kodi.binary.instance.imagedecoder v2.0.0 installed
2020-10-04 01:23:02.620 T:1900405680  NOTICE: ADDON: kodi.binary.instance.inputstream v2.0.8 installed
2020-10-04 01:23:02.620 T:1900405680  NOTICE: ADDON: kodi.binary.instance.peripheral v1.3.7 installed
2020-10-04 01:23:02.620 T:1900405680  NOTICE: ADDON: kodi.binary.instance.pvr v5.10.3 installed
2020-10-04 01:23:02.620 T:1900405680  NOTICE: ADDON: kodi.binary.instance.screensaver v2.0.0 installed
2020-10-04 01:23:02.620 T:1900405680  NOTICE: ADDON: kodi.binary.instance.vfs v2.0.0 installed
2020-10-04 01:23:02.620 T:1900405680  NOTICE: ADDON: kodi.binary.instance.videocodec v1.0.1 installed
2020-10-04 01:23:02.620 T:1900405680  NOTICE: ADDON: kodi.binary.instance.visualization v2.0.1 installed
2020-10-04 01:23:02.620 T:1900405680  NOTICE: ADDON: kodi.resource v1.0.0 installed
2020-10-04 01:23:02.620 T:1900405680  NOTICE: ADDON: metadata.album.universal v3.1.3 installed
2020-10-04 01:23:02.620 T:1900405680  NOTICE: ADDON: metadata.artists.universal v4.3.3 installed
2020-10-04 01:23:02.620 T:1900405680  NOTICE: ADDON: metadata.common.allmusic.com v3.2.2 installed
2020-10-04 01:23:02.620 T:1900405680  NOTICE: ADDON: metadata.common.fanart.tv v3.6.3 installed
2020-10-04 01:23:02.620 T:1900405680  NOTICE: ADDON: metadata.common.imdb.com v3.1.5 installed
2020-10-04 01:23:02.620 T:1900405680  NOTICE: ADDON: metadata.common.musicbrainz.org v2.2.4 installed
2020-10-04 01:23:02.620 T:1900405680  NOTICE: ADDON: metadata.common.theaudiodb.com v2.0.3 installed
2020-10-04 01:23:02.621 T:1900405680  NOTICE: ADDON: metadata.common.themoviedb.org v3.2.3 installed
2020-10-04 01:23:02.621 T:1900405680  NOTICE: ADDON: metadata.local v1.0.0 installed
2020-10-04 01:23:02.621 T:1900405680  NOTICE: ADDON: metadata.themoviedb.org v5.2.1 installed
2020-10-04 01:23:02.621 T:1900405680  NOTICE: ADDON: metadata.tvshows.themoviedb.org v3.5.3 installed
2020-10-04 01:23:02.621 T:1900405680  NOTICE: ADDON: peripheral.joystick v1.4.8 installed
2020-10-04 01:23:02.621 T:1900405680  NOTICE: ADDON: repository.xbmc.org v3.1.6 installed
2020-10-04 01:23:02.621 T:1900405680  NOTICE: ADDON: resource.images.weathericons.default v1.1.8 installed
2020-10-04 01:23:02.621 T:1900405680  NOTICE: ADDON: resource.language.en_gb v2.0.1 installed
2020-10-04 01:23:02.621 T:1900405680  NOTICE: ADDON: resource.language.es_es v9.0.23 installed
2020-10-04 01:23:02.621 T:1900405680  NOTICE: ADDON: resource.uisounds.kodi v1.0.0 installed
2020-10-04 01:23:02.621 T:1900405680  NOTICE: ADDON: screensaver.xbmc.builtin.black v1.0.33 installed
2020-10-04 01:23:02.621 T:1900405680  NOTICE: ADDON: screensaver.xbmc.builtin.dim v1.0.59 installed
2020-10-04 01:23:02.621 T:1900405680  NOTICE: ADDON: script.module.pil v1.1.7 installed
2020-10-04 01:23:02.621 T:1900405680  NOTICE: ADDON: script.module.pycryptodome v3.4.3 installed
2020-10-04 01:23:02.621 T:1900405680  NOTICE: ADDON: service.xbmc.versioncheck v0.5.6 installed
2020-10-04 01:23:02.621 T:1900405680  NOTICE: ADDON: skin.estouchy v2.0.28 installed
2020-10-04 01:23:02.621 T:1900405680  NOTICE: ADDON: skin.estuary v2.0.27 installed
2020-10-04 01:23:02.621 T:1900405680  NOTICE: ADDON: vfs.libarchive v1.0.5 installed
2020-10-04 01:23:02.621 T:1900405680  NOTICE: ADDON: vfs.nfs v1.1.0 installed
2020-10-04 01:23:02.621 T:1900405680  NOTICE: ADDON: vfs.sftp v1.0.5 installed
2020-10-04 01:23:02.621 T:1900405680  NOTICE: ADDON: webinterface.default v18.x-2.4.6 installed
2020-10-04 01:23:02.622 T:1900405680  NOTICE: ADDON: xbmc.addon v18.7 installed
2020-10-04 01:23:02.622 T:1900405680  NOTICE: ADDON: xbmc.core v0.1.0 installed
2020-10-04 01:23:02.622 T:1900405680  NOTICE: ADDON: xbmc.gui v5.14.0 installed
2020-10-04 01:23:02.622 T:1900405680  NOTICE: ADDON: xbmc.json v10.3.0 installed
2020-10-04 01:23:02.622 T:1900405680  NOTICE: ADDON: xbmc.metadata v2.1.0 installed
2020-10-04 01:23:02.622 T:1900405680  NOTICE: ADDON: xbmc.python v2.26.0 installed
2020-10-04 01:23:02.622 T:1900405680  NOTICE: ADDON: xbmc.webinterface v1.0.0 installed
2020-10-04 01:23:02.680 T:1900405680   ERROR: DBus error: org.freedesktop.DBus.Error.ServiceUnknown - The name org.freedesktop.UPower was not provided by any .service files
2020-10-04 01:23:03.051 T:1869607136  NOTICE: Found 2 Lists of Devices
2020-10-04 01:23:03.051 T:1869607136  NOTICE: Enumerated ALSA devices:
2020-10-04 01:23:03.051 T:1869607136  NOTICE:     Device 1
2020-10-04 01:23:03.057 T:1869607136  NOTICE:         m_deviceName      : @
2020-10-04 01:23:03.057 T:1869607136  NOTICE:         m_displayName     : Default (bcm2835 HDMI 1 bcm2835 HDMI 1) ()
2020-10-04 01:23:03.057 T:1869607136  NOTICE:         m_displayNameExtra:
2020-10-04 01:23:03.058 T:1869607136  NOTICE:         m_deviceType      : AE_DEVTYPE_PCM
2020-10-04 01:23:03.058 T:1869607136  NOTICE:         m_channels        : FL, FR
2020-10-04 01:23:03.058 T:1869607136  NOTICE:         m_sampleRates     : 8000,11025,16000,22050,32000,44100,48000,64000,88200,96000,176400,192000
2020-10-04 01:23:03.058 T:1869607136  NOTICE:         m_dataFormats     : AE_FMT_S16NE,AE_FMT_S16LE,AE_FMT_U8
2020-10-04 01:23:03.058 T:1869607136  NOTICE:         m_streamTypes     : No passthrough capabilities
2020-10-04 01:23:03.058 T:1869607136  NOTICE:     Device 2
2020-10-04 01:23:03.058 T:1869607136  NOTICE:         m_deviceName      : output
2020-10-04 01:23:03.058 T:1869607136  NOTICE:         m_displayName     : bcm2835 HDMI 1 ()
2020-10-04 01:23:03.058 T:1869607136  NOTICE:         m_displayNameExtra: bcm2835 HDMI 1
2020-10-04 01:23:03.058 T:1869607136  NOTICE:         m_deviceType      : AE_DEVTYPE_PCM
2020-10-04 01:23:03.058 T:1869607136  NOTICE:         m_channels        : FL, FR
2020-10-04 01:23:03.058 T:1869607136  NOTICE:         m_sampleRates     : 8000,11025,16000,22050,32000,44100,48000,64000,88200,96000,176400,192000
2020-10-04 01:23:03.058 T:1869607136  NOTICE:         m_dataFormats     : AE_FMT_S16NE,AE_FMT_S16LE,AE_FMT_U8
2020-10-04 01:23:03.058 T:1869607136  NOTICE:         m_streamTypes     : No passthrough capabilities
2020-10-04 01:23:03.058 T:1869607136  NOTICE:     Device 3
2020-10-04 01:23:03.058 T:1869607136  NOTICE:         m_deviceName      : sysdefault:CARD=b1
2020-10-04 01:23:03.058 T:1869607136  NOTICE:         m_displayName     : bcm2835 HDMI 1 (b1)
2020-10-04 01:23:03.058 T:1869607136  NOTICE:         m_displayNameExtra: bcm2835 HDMI 1
2020-10-04 01:23:03.058 T:1869607136  NOTICE:         m_deviceType      : AE_DEVTYPE_PCM
2020-10-04 01:23:03.058 T:1869607136  NOTICE:         m_channels        : FL, FR
2020-10-04 01:23:03.058 T:1869607136  NOTICE:         m_sampleRates     : 8000,11025,16000,22050,32000,44100,48000,64000,88200,96000,176400,192000
2020-10-04 01:23:03.058 T:1869607136  NOTICE:         m_dataFormats     : AE_FMT_S16NE,AE_FMT_S16LE,AE_FMT_U8
2020-10-04 01:23:03.058 T:1869607136  NOTICE:         m_streamTypes     : No passthrough capabilities
2020-10-04 01:23:03.058 T:1869607136  NOTICE:     Device 4
2020-10-04 01:23:03.058 T:1869607136  NOTICE:         m_deviceName      : sysdefault:CARD=Headphones
2020-10-04 01:23:03.058 T:1869607136  NOTICE:         m_displayName     : bcm2835 Headphones
2020-10-04 01:23:03.058 T:1869607136  NOTICE:         m_displayNameExtra: bcm2835 Headphones
2020-10-04 01:23:03.058 T:1869607136  NOTICE:         m_deviceType      : AE_DEVTYPE_PCM
2020-10-04 01:23:03.058 T:1869607136  NOTICE:         m_channels        : FL, FR
2020-10-04 01:23:03.059 T:1869607136  NOTICE:         m_sampleRates     : 8000,11025,16000,22050,32000,44100,48000,64000,88200,96000,176400,192000
2020-10-04 01:23:03.059 T:1869607136  NOTICE:         m_dataFormats     : AE_FMT_S16NE,AE_FMT_S16LE,AE_FMT_U8
2020-10-04 01:23:03.059 T:1869607136  NOTICE:         m_streamTypes     : No passthrough capabilities
2020-10-04 01:23:03.059 T:1869607136  NOTICE: Enumerated PI devices:
2020-10-04 01:23:03.059 T:1869607136  NOTICE:     Device 1
2020-10-04 01:23:03.059 T:1869607136  NOTICE:         m_deviceName      : HDMI
2020-10-04 01:23:03.059 T:1869607136  NOTICE:         m_displayName     : HDMI
2020-10-04 01:23:03.059 T:1869607136  NOTICE:         m_displayNameExtra:
2020-10-04 01:23:03.059 T:1869607136  NOTICE:         m_deviceType      : AE_DEVTYPE_HDMI
2020-10-04 01:23:03.059 T:1869607136  NOTICE:         m_channels        : FL, FR
2020-10-04 01:23:03.059 T:1869607136  NOTICE:         m_sampleRates     : 8000,11025,16000,22050,24000,32000,44100,48000,88200,96000,176400,192000
2020-10-04 01:23:03.059 T:1869607136  NOTICE:         m_dataFormats     : AE_FMT_FLOAT,AE_FMT_S32NE,AE_FMT_S16NE,AE_FMT_S32LE,AE_FMT_S16LE,AE_FMT_FLOATP,AE_FMT_S32NEP,AE_FMT_S16NEP,AE_FMT_RAW
2020-10-04 01:23:03.059 T:1869607136  NOTICE:         m_streamTypes     : STREAM_TYPE_AC3,STREAM_TYPE_EAC3,STREAM_TYPE_DTSHD_CORE,STREAM_TYPE_DTS_2048,STREAM_TYPE_DTS_1024,STREAM_TYPE_DTS_512
2020-10-04 01:23:03.059 T:1869607136  NOTICE:     Device 2
2020-10-04 01:23:03.059 T:1869607136  NOTICE:         m_deviceName      : Analogue
2020-10-04 01:23:03.059 T:1869607136  NOTICE:         m_displayName     : Analogue
2020-10-04 01:23:03.059 T:1869607136  NOTICE:         m_displayNameExtra:
2020-10-04 01:23:03.059 T:1869607136  NOTICE:         m_deviceType      : AE_DEVTYPE_PCM
2020-10-04 01:23:03.059 T:1869607136  NOTICE:         m_channels        : FL, FR
2020-10-04 01:23:03.059 T:1869607136  NOTICE:         m_sampleRates     : 48000
2020-10-04 01:23:03.059 T:1869607136  NOTICE:         m_dataFormats     : AE_FMT_FLOAT,AE_FMT_S32LE,AE_FMT_S16LE,AE_FMT_FLOATP,AE_FMT_S32NEP,AE_FMT_S16NEP
2020-10-04 01:23:03.059 T:1869607136  NOTICE:         m_streamTypes     : No passthrough capabilities
2020-10-04 01:23:03.059 T:1869607136  NOTICE:     Device 3
2020-10-04 01:23:03.059 T:1869607136  NOTICE:         m_deviceName      : Both
2020-10-04 01:23:03.059 T:1869607136  NOTICE:         m_displayName     : HDMI and Analogue
2020-10-04 01:23:03.059 T:1869607136  NOTICE:         m_displayNameExtra:
2020-10-04 01:23:03.059 T:1869607136  NOTICE:         m_deviceType      : AE_DEVTYPE_PCM
2020-10-04 01:23:03.059 T:1869607136  NOTICE:         m_channels        : FL, FR
2020-10-04 01:23:03.059 T:1869607136  NOTICE:         m_sampleRates     : 48000
2020-10-04 01:23:03.059 T:1869607136  NOTICE:         m_dataFormats     : AE_FMT_FLOAT,AE_FMT_S32LE,AE_FMT_S16LE,AE_FMT_FLOATP,AE_FMT_S32NEP,AE_FMT_S16NEP
2020-10-04 01:23:03.059 T:1869607136  NOTICE:         m_streamTypes     : No passthrough capabilities
2020-10-04 01:23:03.744 T:1900405680  NOTICE: Raspberry PI firmware version: Sep 30 2020 12:28:35 
                                            Copyright (c) 2012 Broadcom
                                            version e8f24e9043de5c5299e015b9f0e82f45bd66348b (clean) (release) (start)
2020-10-04 01:23:03.744 T:1900405680  NOTICE: ARM mem: 768MB GPU mem: 256MB MPG2:0 WVC1:0
2020-10-04 01:23:03.744 T:1900405680  NOTICE: cache.memorysize: 30MB
2020-10-04 01:23:03.744 T:1900405680  NOTICE: Config:
                                            aphy_params_current=819
                                            arm_freq=1400
                                            audio_pwm_mode=514
                                            boot_delay=3
                                            config_hdmi_boost=5
                                            core_freq=400
                                            desired_osc_freq=0x331df0
                                            desired_osc_freq_boost=0x3c45b0
                                            disable_commandline_tags=2
                                            disable_l2cache=1
                                            disable_overscan=1
                                            disable_splash=1
                                            display_hdmi_rotate=-1
                                            display_lcd_rotate=-1
                                            dphy_params_current=547
                                            enable_tvout=1
                                            force_eeprom_read=1
                                            force_pwm_open=1
                                            framebuffer_ignore_alpha=1
                                            framebuffer_swap=1
                                            gpu_freq=300
                                            hdmi_channel_map=8
                                            init_uart_clock=0x2dc6c00
                                            lcd_framerate=60
                                            over_voltage_avs=56250
                                            over_voltage_avs_boost=0x27ac4
                                            pause_burst_frames=1
                                            program_serial_random=1
                                            sdram_freq=450
                                            total_mem=1024
                                            hdmi_force_cec_address:0=65535
                                            hdmi_force_cec_address:1=65535
                                            hdmi_pixel_freq_limit:0=0x9a7ec80
2020-10-04 01:23:03.745 T:1900405680  NOTICE: Config:
                                            device_tree=-
                                            overlay_prefix=overlays/
                                            hdmi_cvt:0=
                                            hdmi_cvt:1=
                                            hdmi_edid_filename:0=
                                            hdmi_edid_filename:1=
                                            hdmi_timings:0=
                                            hdmi_timings:1=
2020-10-04 01:23:03.746 T:1900405680  NOTICE: Found resolution 640 x 480 with 640 x 480 @ 60.000000 Hz
2020-10-04 01:23:03.747 T:1900405680  NOTICE: Found resolution 640 x 480 with 640 x 480 @ 59.940063 Hz
2020-10-04 01:23:03.747 T:1900405680  NOTICE: Found resolution 640 x 480 with 640 x 480 @ 72.000000 Hz
2020-10-04 01:23:03.747 T:1900405680  NOTICE: Found resolution 640 x 480 with 640 x 480 @ 71.928070 Hz
2020-10-04 01:23:03.747 T:1900405680  NOTICE: Found resolution 640 x 480 with 640 x 480 @ 75.000000 Hz
2020-10-04 01:23:03.747 T:1900405680  NOTICE: Found resolution 800 x 600 with 800 x 600 @ 60.000000 Hz
2020-10-04 01:23:03.747 T:1900405680  NOTICE: Found resolution 800 x 600 with 800 x 600 @ 59.940063 Hz
2020-10-04 01:23:03.747 T:1900405680  NOTICE: Found resolution 800 x 600 with 800 x 600 @ 72.000000 Hz
2020-10-04 01:23:03.747 T:1900405680  NOTICE: Found resolution 800 x 600 with 800 x 600 @ 71.928070 Hz
2020-10-04 01:23:03.747 T:1900405680  NOTICE: Found resolution 800 x 600 with 800 x 600 @ 75.000000 Hz
2020-10-04 01:23:03.747 T:1900405680  NOTICE: Found resolution 1024 x 768 with 1024 x 768 @ 60.000000 Hz
2020-10-04 01:23:03.747 T:1900405680  NOTICE: Found resolution 1024 x 768 with 1024 x 768 @ 59.940063 Hz
2020-10-04 01:23:03.747 T:1900405680  NOTICE: Found resolution 1024 x 768 with 1024 x 768 @ 70.000000 Hz
2020-10-04 01:23:03.747 T:1900405680  NOTICE: Found resolution 1024 x 768 with 1024 x 768 @ 75.000000 Hz
2020-10-04 01:23:03.747 T:1900405680  NOTICE: Found resolution 1152 x 864 with 1152 x 864 @ 75.000000 Hz
2020-10-04 01:23:03.747 T:1900405680  NOTICE: Found resolution 1280 x 800 with 1280 x 800 @ 60.000000 Hz
2020-10-04 01:23:03.747 T:1900405680  NOTICE: Found resolution 1280 x 800 with 1280 x 800 @ 59.940063 Hz
2020-10-04 01:23:03.747 T:1900405680  NOTICE: Found resolution 1280 x 960 with 1280 x 960 @ 60.000000 Hz
2020-10-04 01:23:03.747 T:1900405680  NOTICE: Found resolution 1280 x 960 with 1280 x 960 @ 59.940063 Hz
2020-10-04 01:23:03.747 T:1900405680  NOTICE: Found resolution 1280 x 1024 with 1280 x 1024 @ 60.000000 Hz
2020-10-04 01:23:03.747 T:1900405680  NOTICE: Found resolution 1280 x 1024 with 1280 x 1024 @ 59.940063 Hz
2020-10-04 01:23:03.748 T:1900405680  NOTICE: Found resolution 1280 x 1024 with 1280 x 1024 @ 75.000000 Hz
2020-10-04 01:23:03.748 T:1900405680  NOTICE: Found resolution 1360 x 768 with 1360 x 768 @ 60.000000 Hz
2020-10-04 01:23:03.748 T:1900405680  NOTICE: Found resolution 1360 x 768 with 1360 x 768 @ 59.940063 Hz
2020-10-04 01:23:03.748 T:1900405680  NOTICE: Found resolution 1440 x 900 with 1440 x 900 @ 60.000000 Hz
2020-10-04 01:23:03.748 T:1900405680  NOTICE: Found resolution 1440 x 900 with 1440 x 900 @ 59.940063 Hz
2020-10-04 01:23:03.748 T:1900405680  NOTICE: Found resolution 1440 x 900 with 1440 x 900 @ 75.000000 Hz
2020-10-04 01:23:03.748 T:1900405680  NOTICE: Found resolution 1680 x 1050 with 1680 x 1050 @ 60.000000 Hz
2020-10-04 01:23:03.748 T:1900405680  NOTICE: Found resolution 1680 x 1050 with 1680 x 1050 @ 59.940063 Hz
2020-10-04 01:23:03.748 T:1900405680  NOTICE: Found resolution 720 x 480 with 720 x 480 @ 60.000000 Hz
2020-10-04 01:23:03.748 T:1900405680  NOTICE: Found resolution 720 x 480 with 720 x 480 @ 59.940063 Hz
2020-10-04 01:23:03.748 T:1900405680  NOTICE: Found resolution 1280 x 720 with 1280 x 720 @ 60.000000 Hz
2020-10-04 01:23:03.748 T:1900405680  NOTICE: Found resolution 1280 x 720 with 1280 x 720 @ 59.940063 Hz
2020-10-04 01:23:03.748 T:1900405680  NOTICE: Found resolution 1920 x 1080 with 1920 x 1080 @ 60.000000 Hz
2020-10-04 01:23:03.748 T:1900405680  NOTICE: Found resolution 1920 x 1080 with 1920 x 1080 @ 59.940063 Hz
2020-10-04 01:23:03.748 T:1900405680  NOTICE: Found resolution 720 x 576 with 720 x 576 @ 50.000000 Hz
2020-10-04 01:23:03.748 T:1900405680  NOTICE: Found resolution 1280 x 720 with 1280 x 720 @ 50.000000 Hz
2020-10-04 01:23:03.748 T:1900405680  NOTICE: Found resolution 1920 x 1080 with 1920 x 1080 @ 50.000000 Hz
2020-10-04 01:23:03.748 T:1900405680  NOTICE: Found resolution 1920 x 1080 with 1920 x 1080 @ 24.000000 Hz
2020-10-04 01:23:03.748 T:1900405680  NOTICE: Found resolution 1920 x 1080 with 1920 x 1080 @ 23.976025 Hz
2020-10-04 01:23:03.748 T:1900405680  NOTICE: Found resolution 1920 x 1080 with 1920 x 1080 @ 25.000000 Hz
2020-10-04 01:23:03.749 T:1900405680  NOTICE: Found resolution 1920 x 1080 with 1920 x 1080 @ 30.000000 Hz
2020-10-04 01:23:03.749 T:1900405680  NOTICE: Found resolution 1920 x 1080 with 1920 x 1080 @ 29.970032 Hz
2020-10-04 01:23:03.749 T:1900405680  NOTICE: Found (1920x1080@60.000000) at 49, setting to RES_DESKTOP at 16
2020-10-04 01:23:03.749 T:1900405680  NOTICE: EGL_VERSION = 1.4
2020-10-04 01:23:03.749 T:1900405680  NOTICE: EGL_VENDOR = Broadcom
2020-10-04 01:23:03.749 T:1900405680  NOTICE: EGL_EXTENSIONS = EGL_KHR_image EGL_KHR_image_base EGL_KHR_image_pixmap EGL_KHR_vg_parent_image EGL_KHR_gl_texture_2D_image EGL_KHR_gl_texture_cubemap_image EGL_KHR_lock_surface
2020-10-04 01:23:03.749 T:1900405680  NOTICE: EGL_CLIENT_EXTENSIONS = NULL
2020-10-04 01:23:03.751 T:1900405680  NOTICE: Checking resolution 16
2020-10-04 01:23:04.064 T:1900405680  NOTICE: GL_VENDOR = Broadcom
2020-10-04 01:23:04.064 T:1900405680  NOTICE: GL_RENDERER = VideoCore IV HW
2020-10-04 01:23:04.064 T:1900405680  NOTICE: GL_VERSION = OpenGL ES 2.0
2020-10-04 01:23:04.064 T:1900405680  NOTICE: GL_SHADING_LANGUAGE_VERSION = OpenGL ES GLSL ES 1.00
2020-10-04 01:23:04.064 T:1900405680  NOTICE: GL_EXTENSIONS = GL_OES_compressed_ETC1_RGB8_texture GL_OES_compressed_paletted_texture GL_OES_texture_npot GL_OES_depth24 GL_OES_vertex_half_float GL_OES_EGL_image GL_OES_EGL_image_external GL_EXT_discard_framebuffer GL_OES_rgb8_rgba8 GL_OES_depth32 GL_OES_mapbuffer GL_EXT_texture_format_BGRA8888 GL_APPLE_rgb_422 GL_EXT_debug_marker
2020-10-04 01:23:04.770 T:1900405680 WARNING: COMXImageFile::GetCodingType progressive images not supported by decoder
2020-10-04 01:23:04.770 T:1900405680  NOTICE: LoadJpeg: unable to load /usr/share/kodi/media/splash.jpg
2020-10-04 01:23:05.832 T:1775235296  NOTICE: Running database version Addons27
2020-10-04 01:23:05.836 T:1775235296  NOTICE: Running database version ViewModes6
2020-10-04 01:23:05.839 T:1775235296  NOTICE: Running database version Textures13
2020-10-04 01:23:05.852 T:1775235296  NOTICE: Running database version MyMusic72
2020-10-04 01:23:05.868 T:1775235296  NOTICE: Running database version MyVideos116
2020-10-04 01:23:05.872 T:1775235296  NOTICE: Running database version TV32
2020-10-04 01:23:05.876 T:1775235296  NOTICE: Running database version Epg12
2020-10-04 01:23:05.878 T:1900405680  NOTICE: start dvd mediatype detection
2020-10-04 01:23:05.945 T:1900405680  NOTICE:   load skin from: /usr/share/kodi/addons/skin.estuary (version: 2.0.27)
2020-10-04 01:23:06.821 T:1900405680 WARNING: JSONRPC: Could not parse type "Setting.Details.SettingList"
2020-10-04 01:23:06.951 T:1900405680  NOTICE: Register - new keyboard device registered on application->keyboard: Teclado (0000:0000)
2020-10-04 01:23:06.953 T:1900405680  NOTICE: Register - new mouse device registered on application->mouse: Ratón (0000:0000)
2020-10-04 01:23:06.959 T:1900405680  NOTICE: Loading player core factory settings from special://xbmc/system/playercorefactory.xml.
2020-10-04 01:23:06.961 T:1900405680  NOTICE: Loaded playercorefactory configuration
2020-10-04 01:23:06.961 T:1900405680  NOTICE: Loading player core factory settings from special://masterprofile/playercorefactory.xml.
2020-10-04 01:23:06.961 T:1900405680  NOTICE: special://masterprofile/playercorefactory.xml does not exist. Skipping.
2020-10-04 01:23:06.983 T:1900405680  NOTICE: initialize done
2020-10-04 01:23:06.983 T:1900405680  NOTICE: Running the application...
2020-10-04 01:23:07.010 T:1900405680  NOTICE: starting zeroconf publishing
2020-10-04 01:23:07.027 T:1687675104  NOTICE: ES: Starting UDP Event server on port 9777
2020-10-04 01:23:07.027 T:1687675104  NOTICE: UDP: Listening on port 9777 (ipv6 : false)
2020-10-04 01:23:07.034 T:1900405680  NOTICE: VideoPlayer::OpenFile: /var/run/lirc/lircd
2020-10-04 01:23:07.037 T:1652732128  NOTICE: Creating InputStream
2020-10-04 01:23:07.037 T:1652732128   ERROR: CVideoPlayer::OpenInputStream - error opening [/var/run/lirc/lircd]
2020-10-04 01:23:07.037 T:1652732128  NOTICE: CVideoPlayer::OnExit()
2020-10-04 01:23:07.299 T:1729638624  NOTICE: Register - new cec device registered on cec->RPI: CEC Adapter (2708:1001)
2020-10-04 01:23:07.528 T:1721245920   ERROR: AddOnLog: Joystick Support: Device "Sony Interactive Entertainment Wireless Controller": can't find <controller> tag
2020-10-04 01:23:07.582 T:1721245920  NOTICE: Register - new joystick device registered on addon->peripheral.joystick/0: Microsoft X-Box 360 pad
2020-10-04 01:23:07.720 T:1900405680  NOTICE: CVideoPlayer::CloseFile()
2020-10-04 01:23:07.721 T:1900405680  NOTICE: VideoPlayer: waiting for threads to exit
2020-10-04 01:23:07.721 T:1900405680  NOTICE: VideoPlayer: finished waiting
2020-10-04 01:24:18.565 T:1900405680  NOTICE: Stopping player
2020-10-04 01:24:18.565 T:1900405680  NOTICE: Storing total System Uptime
2020-10-04 01:24:18.566 T:1900405680  NOTICE: Saving settings
2020-10-04 01:24:18.582 T:1900405680  NOTICE: Saving skin settings
2020-10-04 01:24:18.586 T:1900405680  NOTICE: Stopping all
2020-10-04 01:24:18.588 T:1900405680  NOTICE: ES: Stopping event server
2020-10-04 01:24:18.588 T:1900405680  NOTICE: stopping zeroconf publishing
2020-10-04 01:24:19.101 T:1687675104  NOTICE: ES: UDP Event server stopped
2020-10-04 01:24:19.102 T:1900405680  NOTICE: stop dvd detect media
2020-10-04 01:24:19.110 T:1900405680  NOTICE: Application stopped
2020-10-04 01:24:19.311 T:1900405680  NOTICE: XBApplicationEx: destroying...
2020-10-04 01:24:20.036 T:1900405680  NOTICE: unload skin
2020-10-04 01:24:20.126 T:1900405680  NOTICE: unload sections
2020-10-04 01:24:20.790 T:1900405680  NOTICE: XBApplicationEx: application stopped!
